2021-02-14 15:05:47,896 Loading network embedding from emb/blogcatalog_spectral.emb.npy...
2021-02-14 15:05:47,915 Network embedding loaded!
((1031,), (9281,))
2021-02-14 15:05:48,870 micro f1 0.353456 macro f1 0.155107
((1031,), (9281,))
2021-02-14 15:05:49,812 micro f1 0.359544 macro f1 0.164321
((1031,), (9281,))
2021-02-14 15:05:50,768 micro f1 0.353914 macro f1 0.176925
((1031,), (9281,))
2021-02-14 15:05:51,702 micro f1 0.354849 macro f1 0.166067
((1031,), (9281,))
2021-02-14 15:05:52,539 micro f1 0.351642 macro f1 0.167984
((1031,), (9281,))
2021-02-14 15:05:53,358 micro f1 0.362072 macro f1 0.171494
((1031,), (9281,))
2021-02-14 15:05:54,193 micro f1 0.351755 macro f1 0.160548
((1031,), (9281,))
2021-02-14 15:05:55,026 micro f1 0.359478 macro f1 0.173606
((1031,), (9281,))
2021-02-14 15:05:55,849 micro f1 0.352571 macro f1 0.164616
((1031,), (9281,))
2021-02-14 15:05:56,693 micro f1 0.364994 macro f1 0.167854
2021-02-14 15:05:56,693 10 fold validation, training ratio 0.100000
2021-02-14 15:05:56,693 Average micro 35.64, Average macro 16.69
((2062,), (8250,))
2021-02-14 15:05:58,012 micro f1 0.376061 macro f1 0.192556
((2062,), (8250,))
2021-02-14 15:05:59,235 micro f1 0.380721 macro f1 0.193355
((2062,), (8250,))
2021-02-14 15:06:00,550 micro f1 0.385121 macro f1 0.205839
((2062,), (8250,))
2021-02-14 15:06:01,771 micro f1 0.380525 macro f1 0.199356
((2062,), (8250,))
2021-02-14 15:06:03,104 micro f1 0.378884 macro f1 0.202554
((2062,), (8250,))
2021-02-14 15:06:06,479 micro f1 0.380319 macro f1 0.199858
((2062,), (8250,))
2021-02-14 15:06:09,823 micro f1 0.378541 macro f1 0.196749
((2062,), (8250,))
2021-02-14 15:06:11,309 micro f1 0.380571 macro f1 0.199913
((2062,), (8250,))
2021-02-14 15:06:12,757 micro f1 0.380016 macro f1 0.205916
((2062,), (8250,))
2021-02-14 15:06:14,202 micro f1 0.385447 macro f1 0.204002
2021-02-14 15:06:14,202 10 fold validation, training ratio 0.200000
2021-02-14 15:06:14,202 Average micro 38.06, Average macro 20.00
((3093,), (7219,))
2021-02-14 15:06:16,127 micro f1 0.392871 macro f1 0.219038
((3093,), (7219,))
2021-02-14 15:06:18,063 micro f1 0.393302 macro f1 0.216928
((3093,), (7219,))
2021-02-14 15:06:19,890 micro f1 0.397465 macro f1 0.224460
((3093,), (7219,))
2021-02-14 15:06:21,607 micro f1 0.394053 macro f1 0.220237
((3093,), (7219,))
2021-02-14 15:06:23,420 micro f1 0.391326 macro f1 0.219609
((3093,), (7219,))
2021-02-14 15:06:25,217 micro f1 0.389070 macro f1 0.217861
((3093,), (7219,))
2021-02-14 15:06:27,043 micro f1 0.395885 macro f1 0.220292
((3093,), (7219,))
2021-02-14 15:06:28,975 micro f1 0.391005 macro f1 0.215231
((3093,), (7219,))
2021-02-14 15:06:30,796 micro f1 0.394802 macro f1 0.219512
((3093,), (7219,))
2021-02-14 15:06:32,957 micro f1 0.401326 macro f1 0.222986
2021-02-14 15:06:32,959 10 fold validation, training ratio 0.300000
2021-02-14 15:06:32,959 Average micro 39.41, Average macro 21.96
((4124,), (6188,))
2021-02-14 15:06:35,360 micro f1 0.406134 macro f1 0.233881
((4124,), (6188,))
2021-02-14 15:06:37,774 micro f1 0.401713 macro f1 0.231516
((4124,), (6188,))
2021-02-14 15:06:40,377 micro f1 0.402665 macro f1 0.229392
((4124,), (6188,))
2021-02-14 15:06:43,192 micro f1 0.402841 macro f1 0.231459
((4124,), (6188,))
2021-02-14 15:06:46,115 micro f1 0.398914 macro f1 0.231385
((4124,), (6188,))
2021-02-14 15:06:48,211 micro f1 0.400506 macro f1 0.231511
((4124,), (6188,))
2021-02-14 15:06:50,390 micro f1 0.410094 macro f1 0.234537
((4124,), (6188,))
2021-02-14 15:06:52,777 micro f1 0.399223 macro f1 0.229204
((4124,), (6188,))
2021-02-14 15:06:54,859 micro f1 0.400046 macro f1 0.226694
((4124,), (6188,))
2021-02-14 15:06:56,938 micro f1 0.407522 macro f1 0.233056
2021-02-14 15:06:56,938 10 fold validation, training ratio 0.400000
2021-02-14 15:06:56,939 Average micro 40.30, Average macro 23.13
((5156,), (5156,))
2021-02-14 15:06:59,403 micro f1 0.408443 macro f1 0.232455
((5156,), (5156,))
2021-02-14 15:07:01,876 micro f1 0.409704 macro f1 0.240015
((5156,), (5156,))
2021-02-14 15:07:04,460 micro f1 0.407020 macro f1 0.234289
((5156,), (5156,))
2021-02-14 15:07:06,912 micro f1 0.404384 macro f1 0.233783
((5156,), (5156,))
2021-02-14 15:07:09,484 micro f1 0.407731 macro f1 0.237131
((5156,), (5156,))
2021-02-14 15:07:12,039 micro f1 0.407423 macro f1 0.235759
((5156,), (5156,))
2021-02-14 15:07:14,582 micro f1 0.413385 macro f1 0.241328
((5156,), (5156,))
2021-02-14 15:07:17,056 micro f1 0.403939 macro f1 0.231909
((5156,), (5156,))
2021-02-14 15:07:19,496 micro f1 0.406408 macro f1 0.235512
((5156,), (5156,))
2021-02-14 15:07:21,957 micro f1 0.416060 macro f1 0.239881
2021-02-14 15:07:21,958 10 fold validation, training ratio 0.500000
2021-02-14 15:07:21,958 Average micro 40.84, Average macro 23.62
((6187,), (4125,))
2021-02-14 15:07:24,889 micro f1 0.417684 macro f1 0.241167
((6187,), (4125,))
2021-02-14 15:07:27,853 micro f1 0.410888 macro f1 0.242484
((6187,), (4125,))
2021-02-14 15:07:30,790 micro f1 0.407117 macro f1 0.236507
((6187,), (4125,))
2021-02-14 15:07:33,647 micro f1 0.408669 macro f1 0.240709
((6187,), (4125,))
2021-02-14 15:07:36,509 micro f1 0.409282 macro f1 0.239857
((6187,), (4125,))
2021-02-14 15:07:39,538 micro f1 0.410888 macro f1 0.239901
((6187,), (4125,))
2021-02-14 15:07:42,387 micro f1 0.412663 macro f1 0.236897
((6187,), (4125,))
2021-02-14 15:07:45,320 micro f1 0.410785 macro f1 0.240371
((6187,), (4125,))
2021-02-14 15:07:48,271 micro f1 0.403598 macro f1 0.238614
((6187,), (4125,))
2021-02-14 15:07:51,204 micro f1 0.413675 macro f1 0.237684
2021-02-14 15:07:51,205 10 fold validation, training ratio 0.600000
2021-02-14 15:07:51,205 Average micro 41.05, Average macro 23.94
((7218,), (3094,))
2021-02-14 15:07:54,628 micro f1 0.415867 macro f1 0.241971
((7218,), (3094,))
2021-02-14 15:07:58,059 micro f1 0.415814 macro f1 0.243277
((7218,), (3094,))
2021-02-14 15:08:01,467 micro f1 0.413468 macro f1 0.239509
((7218,), (3094,))
2021-02-14 15:08:04,881 micro f1 0.410821 macro f1 0.243665
((7218,), (3094,))
2021-02-14 15:08:08,397 micro f1 0.417035 macro f1 0.252523
((7218,), (3094,))
2021-02-14 15:08:11,729 micro f1 0.413185 macro f1 0.244693
((7218,), (3094,))
2021-02-14 15:08:15,159 micro f1 0.414223 macro f1 0.238825
((7218,), (3094,))
2021-02-14 15:08:18,583 micro f1 0.411996 macro f1 0.243962
((7218,), (3094,))
2021-02-14 15:08:22,012 micro f1 0.407349 macro f1 0.244465
((7218,), (3094,))
2021-02-14 15:08:25,424 micro f1 0.411083 macro f1 0.241017
2021-02-14 15:08:25,424 10 fold validation, training ratio 0.700000
2021-02-14 15:08:25,425 Average micro 41.31, Average macro 24.34
((8249,), (2063,))
2021-02-14 15:08:29,350 micro f1 0.422238 macro f1 0.246526
((8249,), (2063,))
2021-02-14 15:08:33,162 micro f1 0.413674 macro f1 0.244825
((8249,), (2063,))
2021-02-14 15:08:36,986 micro f1 0.413587 macro f1 0.240609
((8249,), (2063,))
2021-02-14 15:08:41,010 micro f1 0.407663 macro f1 0.240026
((8249,), (2063,))
2021-02-14 15:08:44,912 micro f1 0.420335 macro f1 0.258678
((8249,), (2063,))
2021-02-14 15:08:48,717 micro f1 0.417373 macro f1 0.245391
((8249,), (2063,))
2021-02-14 15:08:55,990 micro f1 0.428921 macro f1 0.250805
((8249,), (2063,))
2021-02-14 15:08:59,811 micro f1 0.420320 macro f1 0.251262
((8249,), (2063,))
2021-02-14 15:09:03,609 micro f1 0.404945 macro f1 0.243442
((8249,), (2063,))
2021-02-14 15:09:07,402 micro f1 0.416638 macro f1 0.245141
2021-02-14 15:09:07,403 10 fold validation, training ratio 0.800000
2021-02-14 15:09:07,403 Average micro 41.66, Average macro 24.67
((9280,), (1032,))
2021-02-14 15:09:11,763 micro f1 0.428971 macro f1 0.256036
((9280,), (1032,))
2021-02-14 15:09:16,038 micro f1 0.431142 macro f1 0.255876
((9280,), (1032,))
2021-02-14 15:09:20,319 micro f1 0.437109 macro f1 0.248438
((9280,), (1032,))
2021-02-14 15:09:24,612 micro f1 0.417344 macro f1 0.246432
((9280,), (1032,))
2021-02-14 15:09:28,862 micro f1 0.427966 macro f1 0.263142
((9280,), (1032,))
2021-02-14 15:09:33,054 micro f1 0.409026 macro f1 0.233594
((9280,), (1032,))
2021-02-14 15:09:37,321 micro f1 0.438233 macro f1 0.245776
((9280,), (1032,))
2021-02-14 15:09:41,595 micro f1 0.411318 macro f1 0.243010
((9280,), (1032,))
2021-02-14 15:09:45,886 micro f1 0.410750 macro f1 0.244575
((9280,), (1032,))
2021-02-14 15:09:50,265 micro f1 0.415042 macro f1 0.240639
2021-02-14 15:09:50,266 10 fold validation, training ratio 0.900000
2021-02-14 15:09:50,267 Average micro 42.27, Average macro 24.78